-- Processing directory D:\SteamLibrary\steamapps\common\BattlefrontUltimate\modtools\data_WW2\Animations\SoldierAnimationBank\human_0
	Processing file basepose.msh, will save in .\\\human_0.zaf
*** WARNING: Skin model segment 0 has too many/few vert colors?
*** WARNING: Skin model segment 0 has too many/few vert colors?
*** WARNING: Skin model segment 0 has too many/few vert weights?
*** WARNING: Skin model segment 0 has too many/few UVs?
*** WARNING: Skin model segment 0 has too many/few vert colors?
*** WARNING: Skin model segment 0 has too many/few vert weights?
*** WARNING: Skin model segment 0 has too many/few vert colors?
*** WARNING: Skin model segment 0 has too many/few vert weights?
*** WARNING: Skin model segment 0 has too many/few UVs?
*** WARNING: Skin model segment 0 has too many/few vert colors?
*** WARNING: Skin model segment 0 has too many/few vert weights?
*** WARNING: Skin model segment 0 has too many/few vert colors?
*** WARNING: Skin model segment 0 has too many/few vert weights?
*** WARNING: Skin model segment 0 has too many/few vert colors?
.*** WARNING: Animation <human_rifle_crouchalert_idle_emote_full> has a framerate <29.970030> that isn't 30fps.  Framerate correction code has not been done yet
.*** WARNING: Animation <human_rifle_crouchalert_walkbackward> has a framerate <29.970030> that isn't 30fps.  Framerate correction code has not been done yet
.*** WARNING: Animation <human_rifle_crouchalert_walkforward> has a framerate <29.970030> that isn't 30fps.  Framerate correction code has not been done yet
.*** WARNING: Animation <human_rifle_crouch_hitfront> has a framerate <29.970030> that isn't 30fps.  Framerate correction code has not been done yet
.*** WARNING: Animation <human_rifle_crouch_hitleft> has a framerate <29.970030> that isn't 30fps.  Framerate correction code has not been done yet
.*** WARNING: Animation <human_rifle_crouch_hitright> has a framerate <29.970030> that isn't 30fps.  Framerate correction code has not been done yet
.*** WARNING: Animation <human_rifle_crouch_idle_emote_full> has a framerate <29.970030> that isn't 30fps.  Framerate correction code has not been done yet
.*** WARNING: Animation <human_rifle_crouch_idle_takeknee_lower> has a framerate <29.970030> that isn't 30fps.  Framerate correction code has not been done yet
.*** WARNING: Animation <human_rifle_crouch_reload_full> has a framerate <29.970030> that isn't 30fps.  Framerate correction code has not been done yet
.*** WARNING: Animation <human_rifle_crouch_shoot_full> has a framerate <29.970030> that isn't 30fps.  Framerate correction code has not been done yet
.*** WARNING: Animation <human_rifle_crouch_turnleft> has a framerate <29.970030> that isn't 30fps.  Framerate correction code has not been done yet
.*** WARNING: Animation <human_rifle_crouch_turnright> has a framerate <29.970030> that isn't 30fps.  Framerate correction code has not been done yet
.*** WARNING: Animation <human_rifle_crouch_walkbackward> has a framerate <29.970030> that isn't 30fps.  Framerate correction code has not been done yet
.*** WARNING: Animation <human_rifle_crouch_walkforward> has a framerate <29.970030> that isn't 30fps.  Framerate correction code has not been done yet
.*** WARNING: Animation <human_rifle_prone_getup_crouch> has a framerate <29.970030> that isn't 30fps.  Framerate correction code has not been done yet
.*** WARNING: Animation <human_rifle_prone_getup_stand> has a framerate <29.970030> that isn't 30fps.  Framerate correction code has not been done yet
.*** WARNING: Animation <human_rifle_prone_hitfront> has a framerate <29.970030> that isn't 30fps.  Framerate correction code has not been done yet
.*** WARNING: Animation <human_rifle_prone_hitleft> has a framerate <29.970030> that isn't 30fps.  Framerate correction code has not been done yet
.*** WARNING: Animation <human_rifle_prone_hitright> has a framerate <29.970030> that isn't 30fps.  Framerate correction code has not been done yet
.*** WARNING: Animation <human_rifle_prone_idle_emote> has a framerate <29.970030> that isn't 30fps.  Framerate correction code has not been done yet
.*** WARNING: Animation <human_rifle_prone_idle_lookaround> has a framerate <29.970030> that isn't 30fps.  Framerate correction code has not been done yet
.*** WARNING: Animation <human_rifle_prone_reload> has a framerate <29.970030> that isn't 30fps.  Framerate correction code has not been done yet
.*** WARNING: Animation <human_rifle_prone_shoot> has a framerate <29.970030> that isn't 30fps.  Framerate correction code has not been done yet
.*** WARNING: Animation <human_rifle_prone_turnleft> has a framerate <29.970030> that isn't 30fps.  Framerate correction code has not been done yet
.*** WARNING: Animation <human_rifle_prone_turnright> has a framerate <29.970030> that isn't 30fps.  Framerate correction code has not been done yet
.*** WARNING: Animation <human_rifle_prone_walkbackward> has a framerate <29.970030> that isn't 30fps.  Framerate correction code has not been done yet
.*** WARNING: Animation <human_rifle_prone_walkforward> has a framerate <29.970030> that isn't 30fps.  Framerate correction code has not been done yet
.*** WARNING: Animation <human_rifle_prone_walkleft> has a framerate <29.970030> that isn't 30fps.  Framerate correction code has not been done yet
.*** WARNING: Animation <human_rifle_prone_walkright> has a framerate <29.970030> that isn't 30fps.  Framerate correction code has not been done yet
.*** WARNING: Animation <human_rifle_standalert_idle_emote_full> has a framerate <29.970030> that isn't 30fps.  Framerate correction code has not been done yet
.*** WARNING: Animation <human_rifle_standalert_runbackward> has a framerate <29.970030> that isn't 30fps.  Framerate correction code has not been done yet
.*** WARNING: Animation <human_rifle_standalert_runforward> has a framerate <29.970030> that isn't 30fps.  Framerate correction code has not been done yet
.*** WARNING: Animation <human_rifle_standalert_walkforward> has a framerate <29.970030> that isn't 30fps.  Framerate correction code has not been done yet
.*** WARNING: Animation <human_rifle_stand_deadhero_full> has a framerate <29.970030> that isn't 30fps.  Framerate correction code has not been done yet
.*** WARNING: Animation <human_rifle_stand_death_backward> has a framerate <29.970030> that isn't 30fps.  Framerate correction code has not been done yet
.*** WARNING: Animation <human_rifle_stand_death_forward> has a framerate <29.970030> that isn't 30fps.  Framerate correction code has not been done yet
.*** WARNING: Animation <human_rifle_stand_death_left> has a framerate <29.970030> that isn't 30fps.  Framerate correction code has not been done yet
.*** WARNING: Animation <human_rifle_stand_death_right> has a framerate <29.970030> that isn't 30fps.  Framerate correction code has not been done yet
.*** WARNING: Animation <human_rifle_stand_getdown_prone> has a framerate <29.970030> that isn't 30fps.  Framerate correction code has not been done yet
.*** WARNING: Animation <human_rifle_stand_getupback> has a framerate <29.970030> that isn't 30fps.  Framerate correction code has not been done yet
.*** WARNING: Animation <human_rifle_stand_getupfront> has a framerate <29.970030> that isn't 30fps.  Framerate correction code has not been done yet
.*** WARNING: Animation <human_rifle_stand_hitback> has a framerate <29.970030> that isn't 30fps.  Framerate correction code has not been done yet
.*** WARNING: Animation <human_rifle_stand_hitfront> has a framerate <29.970030> that isn't 30fps.  Framerate correction code has not been done yet
.*** WARNING: Animation <human_rifle_stand_hitleft> has a framerate <29.970030> that isn't 30fps.  Framerate correction code has not been done yet
.*** WARNING: Animation <human_rifle_stand_hitright> has a framerate <29.970030> that isn't 30fps.  Framerate correction code has not been done yet
.*** WARNING: Animation <human_rifle_stand_idle_checkweapon_full> has a framerate <29.970030> that isn't 30fps.  Framerate correction code has not been done yet
.*** WARNING: Animation <human_rifle_stand_idle_emote_full> has a framerate <29.970030> that isn't 30fps.  Framerate correction code has not been done yet
.*** WARNING: Animation <human_rifle_stand_idle_lookaround_full> has a framerate <29.970030> that isn't 30fps.  Framerate correction code has not been done yet
.*** WARNING: Animation <human_rifle_stand_reload_full> has a framerate <29.970030> that isn't 30fps.  Framerate correction code has not been done yet
.*** WARNING: Animation <human_rifle_stand_runbackward> has a framerate <29.970030> that isn't 30fps.  Framerate correction code has not been done yet
.*** WARNING: Animation <human_rifle_stand_runforward> has a framerate <29.970030> that isn't 30fps.  Framerate correction code has not been done yet
.*** WARNING: Animation <human_rifle_stand_shoot_full> has a framerate <29.970030> that isn't 30fps.  Framerate correction code has not been done yet
.*** WARNING: Animation <human_rifle_stand_shoot_secondary2_full> has a framerate <29.970030> that isn't 30fps.  Framerate correction code has not been done yet
.*** WARNING: Animation <human_rifle_stand_shoot_secondary_full> has a framerate <29.970030> that isn't 30fps.  Framerate correction code has not been done yet
.*** WARNING: Animation <human_rifle_stand_turnleft> has a framerate <29.970030> that isn't 30fps.  Framerate correction code has not been done yet
.*** WARNING: Animation <human_rifle_stand_turnright> has a framerate <29.970030> that isn't 30fps.  Framerate correction code has not been done yet
.*** WARNING: Animation <human_rifle_stand_walkforward> has a framerate <29.970030> that isn't 30fps.  Framerate correction code has not been done yet

